TN:
SF:/Users/danielgeslin/projects/seedrnts/src/constants/env.ts
FNF:0
FNH:0
DA:5,18
LF:1
LH:1
BRDA:10,0,0,18
BRDA:10,0,1,18
BRF:2
BRH:2
end_of_record
TN:
SF:/Users/danielgeslin/projects/seedrnts/src/constants/style.ts
FNF:0
FNH:0
DA:1,18
LF:1
LH:1
BRF:0
BRH:0
end_of_record
TN:
SF:/Users/danielgeslin/projects/seedrnts/src/modules/routingModule.ts
FNF:0
FNH:0
DA:7,1
DA:9,1
LF:2
LH:2
BRF:0
BRH:0
end_of_record
TN:
SF:/Users/danielgeslin/projects/seedrnts/src/modules/services/AsyncStorageService.ts
FN:12,(anonymous_0)
FN:19,(anonymous_1)
FN:23,(anonymous_2)
FN:27,(anonymous_3)
FNF:4
FNH:0
FNDA:0,(anonymous_0)
FNDA:0,(anonymous_1)
FNDA:0,(anonymous_2)
FNDA:0,(anonymous_3)
DA:10,0
DA:13,0
DA:14,0
DA:20,0
DA:21,0
DA:23,0
DA:28,0
DA:29,0
LF:8
LH:0
BRF:0
BRH:0
end_of_record
TN:
SF:/Users/danielgeslin/projects/seedrnts/src/modules/services/HelperService.ts
FN:4,(anonymous_0)
FNF:1
FNH:1
FNDA:2,(anonymous_0)
DA:5,2
LF:1
LH:1
BRF:0
BRH:0
end_of_record
TN:
SF:/Users/danielgeslin/projects/seedrnts/src/modules/services/Logger.ts
FN:7,(anonymous_0)
FN:8,(anonymous_1)
FN:9,(anonymous_2)
FN:12,(anonymous_3)
FN:14,(anonymous_4)
FNF:5
FNH:5
FNDA:3,(anonymous_0)
FNDA:1,(anonymous_1)
FNDA:1,(anonymous_2)
FNDA:1,(anonymous_3)
FNDA:9,(anonymous_4)
DA:4,8
DA:5,8
DA:7,8
DA:8,8
DA:9,8
DA:12,8
DA:14,8
DA:17,5
LF:8
LH:8
BRF:0
BRH:0
end_of_record
TN:
SF:/Users/danielgeslin/projects/seedrnts/src/modules/services/NavigationService.ts
FN:6,(anonymous_0)
FNF:1
FNH:1
FNDA:2,(anonymous_0)
DA:7,2
LF:1
LH:1
BRDA:7,0,0,1
BRDA:7,0,1,1
BRF:2
BRH:2
end_of_record
TN:
SF:/Users/danielgeslin/projects/seedrnts/src/modules/state-mgmt/auth/actions.ts
FN:9,(anonymous_0)
FN:10,(anonymous_1)
FN:11,(anonymous_2)
FN:12,(anonymous_3)
FNF:4
FNH:4
FNDA:4,(anonymous_0)
FNDA:3,(anonymous_1)
FNDA:11,(anonymous_2)
FNDA:3,(anonymous_3)
DA:8,12
DA:9,4
DA:10,3
DA:11,11
DA:12,3
LF:5
LH:5
BRF:0
BRH:0
end_of_record
TN:
SF:/Users/danielgeslin/projects/seedrnts/src/modules/state-mgmt/auth/epics.ts
FN:10,(anonymous_0)
FN:13,(anonymous_1)
FN:17,(anonymous_2)
FN:18,(anonymous_3)
FN:21,(anonymous_4)
FNF:5
FNH:5
FNDA:2,(anonymous_0)
FNDA:2,(anonymous_1)
FNDA:2,(anonymous_2)
FNDA:1,(anonymous_3)
FNDA:1,(anonymous_4)
DA:10,12
DA:11,2
DA:14,2
DA:17,2
DA:18,1
DA:21,1
DA:25,12
LF:7
LH:7
BRF:0
BRH:0
end_of_record
TN:
SF:/Users/danielgeslin/projects/seedrnts/src/modules/state-mgmt/auth/reducer.ts
FN:4,(anonymous_0)
FNF:1
FNH:1
FNDA:5,(anonymous_0)
DA:4,12
DA:5,5
DA:7,1
DA:9,2
DA:11,1
DA:13,1
LF:6
LH:6
BRDA:4,0,0,4
BRDA:5,1,0,1
BRDA:5,1,1,2
BRDA:5,1,2,1
BRDA:5,1,3,1
BRF:5
BRH:5
end_of_record
TN:
SF:/Users/danielgeslin/projects/seedrnts/src/modules/state-mgmt/auth/state.ts
FNF:0
FNH:0
DA:7,12
LF:1
LH:1
BRF:0
BRH:0
end_of_record
TN:
SF:/Users/danielgeslin/projects/seedrnts/src/modules/state-mgmt/core/actions.ts
FN:12,(anonymous_0)
FN:13,(anonymous_1)
FN:14,(anonymous_2)
FN:15,(anonymous_3)
FN:16,(anonymous_4)
FNF:5
FNH:5
FNDA:4,(anonymous_0)
FNDA:2,(anonymous_1)
FNDA:10,(anonymous_2)
FNDA:3,(anonymous_3)
FNDA:4,(anonymous_4)
DA:11,12
DA:12,4
DA:13,2
DA:14,10
DA:15,3
DA:16,4
LF:6
LH:6
BRF:0
BRH:0
end_of_record
TN:
SF:/Users/danielgeslin/projects/seedrnts/src/modules/state-mgmt/core/epics.ts
FN:13,(anonymous_0)
FN:16,(anonymous_1)
FN:18,(anonymous_2)
FN:20,(anonymous_3)
FN:25,(anonymous_4)
FN:28,(anonymous_5)
FN:30,(anonymous_6)
FN:31,(anonymous_7)
FN:41,(anonymous_8)
FN:44,(anonymous_9)
FN:48,(anonymous_10)
FN:53,(anonymous_11)
FN:58,(anonymous_12)
FN:60,(anonymous_13)
FN:63,(anonymous_14)
FN:68,(anonymous_15)
FNF:16
FNH:16
FNDA:2,(anonymous_0)
FNDA:2,(anonymous_1)
FNDA:2,(anonymous_2)
FNDA:1,(anonymous_3)
FNDA:2,(anonymous_4)
FNDA:2,(anonymous_5)
FNDA:2,(anonymous_6)
FNDA:2,(anonymous_7)
FNDA:1,(anonymous_8)
FNDA:1,(anonymous_9)
FNDA:2,(anonymous_10)
FNDA:2,(anonymous_11)
FNDA:2,(anonymous_12)
FNDA:2,(anonymous_13)
FNDA:3,(anonymous_14)
FNDA:1,(anonymous_15)
DA:13,12
DA:14,2
DA:17,2
DA:18,2
DA:20,1
DA:25,12
DA:26,2
DA:29,2
DA:30,2
DA:32,2
DA:34,2
DA:35,1
DA:41,12
DA:42,1
DA:45,1
DA:48,2
DA:53,12
DA:54,2
DA:58,2
DA:61,2
DA:64,3
DA:65,3
DA:68,1
DA:73,12
LF:24
LH:24
BRDA:34,0,0,1
BRDA:34,0,1,1
BRDA:34,1,0,2
BRDA:34,1,1,1
BRF:4
BRH:4
end_of_record
TN:
SF:/Users/danielgeslin/projects/seedrnts/src/modules/state-mgmt/todo/actions.ts
FN:9,(anonymous_0)
FN:10,(anonymous_1)
FNF:2
FNH:2
FNDA:7,(anonymous_0)
FNDA:3,(anonymous_1)
DA:8,12
DA:9,7
DA:10,3
LF:3
LH:3
BRF:0
BRH:0
end_of_record
TN:
SF:/Users/danielgeslin/projects/seedrnts/src/modules/state-mgmt/todo/epics.ts
FN:9,(anonymous_0)
FN:12,(anonymous_1)
FN:14,(anonymous_2)
FN:15,(anonymous_3)
FNF:4
FNH:4
FNDA:2,(anonymous_0)
FNDA:2,(anonymous_1)
FNDA:1,(anonymous_2)
FNDA:1,(anonymous_3)
DA:9,12
DA:10,2
DA:13,2
DA:14,1
DA:15,1
DA:20,12
LF:6
LH:6
BRF:0
BRH:0
end_of_record
TN:
SF:/Users/danielgeslin/projects/seedrnts/src/modules/state-mgmt/todo/reducer.ts
FN:4,(anonymous_0)
FN:7,(anonymous_1)
FNF:2
FNH:2
FNDA:2,(anonymous_0)
FNDA:1,(anonymous_1)
DA:4,12
DA:5,2
DA:7,1
DA:9,1
LF:4
LH:4
BRDA:4,0,0,1
BRDA:5,1,0,1
BRDA:5,1,1,1
BRF:3
BRH:3
end_of_record
TN:
SF:/Users/danielgeslin/projects/seedrnts/src/modules/state-mgmt/todo/state.ts
FNF:0
FNH:0
DA:8,12
LF:1
LH:1
BRF:0
BRH:0
end_of_record
TN:
SF:/Users/danielgeslin/projects/seedrnts/src/modules/state-mgmt/user/actions.ts
FN:10,(anonymous_0)
FN:11,(anonymous_1)
FN:12,(anonymous_2)
FNF:3
FNH:3
FNDA:5,(anonymous_0)
FNDA:3,(anonymous_1)
FNDA:1,(anonymous_2)
DA:9,12
DA:10,5
DA:11,3
DA:12,1
LF:4
LH:4
BRF:0
BRH:0
end_of_record
TN:
SF:/Users/danielgeslin/projects/seedrnts/src/modules/state-mgmt/user/epics.ts
FN:9,(anonymous_0)
FN:12,(anonymous_1)
FN:14,(anonymous_2)
FN:15,(anonymous_3)
FNF:4
FNH:4
FNDA:2,(anonymous_0)
FNDA:2,(anonymous_1)
FNDA:1,(anonymous_2)
FNDA:1,(anonymous_3)
DA:9,11
DA:10,2
DA:13,2
DA:14,1
DA:15,1
DA:20,11
LF:6
LH:6
BRF:0
BRH:0
end_of_record
TN:
SF:/Users/danielgeslin/projects/seedrnts/src/modules/state-mgmt/user/reducer.ts
FN:4,(anonymous_0)
FN:7,(anonymous_1)
FNF:2
FNH:2
FNDA:3,(anonymous_0)
FNDA:1,(anonymous_1)
DA:4,11
DA:5,3
DA:7,1
DA:9,1
DA:11,1
LF:5
LH:5
BRDA:4,0,0,2
BRDA:5,1,0,1
BRDA:5,1,1,1
BRDA:5,1,2,1
BRF:4
BRH:4
end_of_record
TN:
SF:/Users/danielgeslin/projects/seedrnts/src/modules/state-mgmt/user/state.ts
FNF:0
FNH:0
DA:8,11
LF:1
LH:1
BRF:0
BRH:0
end_of_record
TN:
SF:/Users/danielgeslin/projects/seedrnts/src/modules/views/login/Login.tsx
FN:24,(anonymous_0)
FN:27,(anonymous_1)
FN:28,(anonymous_2)
FN:29,(anonymous_3)
FN:31,(anonymous_4)
FNF:5
FNH:5
FNDA:9,(anonymous_0)
FNDA:1,(anonymous_1)
FNDA:1,(anonymous_2)
FNDA:1,(anonymous_3)
FNDA:9,(anonymous_4)
DA:24,3
DA:25,9
DA:27,9
DA:28,9
DA:29,9
DA:31,9
DA:32,9
DA:33,9
DA:36,9
LF:9
LH:9
BRDA:24,0,0,7
BRDA:38,1,0,1
BRDA:38,1,1,8
BRDA:39,2,0,1
BRDA:39,2,1,8
BRDA:48,3,0,9
BRDA:48,3,1,1
BRDA:61,4,0,9
BRDA:61,4,1,1
BRF:9
BRH:9
end_of_record
TN:
SF:/Users/danielgeslin/projects/seedrnts/src/modules/views/login/LoginContainer.ts
FN:8,(anonymous_0)
FN:13,(anonymous_1)
FN:14,(anonymous_2)
FN:15,(anonymous_3)
FN:16,(anonymous_4)
FNF:5
FNH:5
FNDA:1,(anonymous_0)
FNDA:4,(anonymous_1)
FNDA:1,(anonymous_2)
FNDA:1,(anonymous_3)
FNDA:1,(anonymous_4)
DA:8,2
DA:13,4
DA:14,1
DA:15,1
DA:16,1
LF:5
LH:5
BRF:0
BRH:0
end_of_record
TN:
SF:/Users/danielgeslin/projects/seedrnts/src/modules/views/shared/components/Avatar/Avatar.tsx
FN:11,(anonymous_0)
FNF:1
FNH:1
FNDA:1,(anonymous_0)
DA:12,1
DA:13,1
LF:2
LH:2
BRF:0
BRH:0
end_of_record
TN:
SF:/Users/danielgeslin/projects/seedrnts/src/modules/views/shared/components/ErrorBoundary/ErrorBoundary.tsx
FN:15,(anonymous_0)
FN:21,(anonymous_1)
FNF:2
FNH:2
FNDA:1,(anonymous_0)
FNDA:11,(anonymous_1)
DA:10,5
DA:13,10
DA:17,1
DA:18,1
DA:22,11
DA:23,10
LF:6
LH:6
BRDA:22,0,0,1
BRDA:22,0,1,10
BRF:2
BRH:2
end_of_record
TN:
SF:/Users/danielgeslin/projects/seedrnts/src/modules/views/shared/components/Link/Link.tsx
FN:15,(anonymous_0)
FN:24,(anonymous_1)
FNF:2
FNH:2
FNDA:8,(anonymous_0)
FNDA:3,(anonymous_1)
DA:13,5
DA:16,8
DA:17,8
DA:24,5
DA:25,3
DA:26,3
DA:27,3
DA:28,2
DA:30,1
LF:9
LH:9
BRDA:19,0,0,8
BRDA:19,0,1,5
BRDA:28,1,0,1
BRDA:28,1,1,1
BRF:4
BRH:4
end_of_record
TN:
SF:/Users/danielgeslin/projects/seedrnts/src/modules/views/todo-list/TodoList.tsx
FN:16,(anonymous_0)
FN:17,(anonymous_1)
FN:17,(anonymous_2)
FN:19,(anonymous_3)
FN:20,(anonymous_4)
FN:21,(anonymous_5)
FNF:6
FNH:6
FNDA:3,(anonymous_0)
FNDA:3,(anonymous_1)
FNDA:8,(anonymous_2)
FNDA:7,(anonymous_3)
FNDA:7,(anonymous_4)
FNDA:1,(anonymous_5)
DA:16,3
DA:17,8
DA:19,7
DA:20,7
DA:21,3
DA:22,1
DA:25,3
LF:7
LH:7
BRDA:17,0,0,6
BRDA:17,0,1,2
BRF:2
BRH:2
end_of_record
TN:
SF:/Users/danielgeslin/projects/seedrnts/src/modules/views/todo-list/TodoListContainer.ts
FN:8,(anonymous_0)
FN:13,(anonymous_1)
FN:14,(anonymous_2)
FNF:3
FNH:3
FNDA:1,(anonymous_0)
FNDA:2,(anonymous_1)
FNDA:1,(anonymous_2)
DA:8,2
DA:13,2
DA:14,1
LF:3
LH:3
BRF:0
BRH:0
end_of_record
TN:
SF:/Users/danielgeslin/projects/seedrnts/src/modules/views/todo-list/components/Todo/Todo.tsx
FN:12,(anonymous_0)
FNF:1
FNH:1
FNDA:8,(anonymous_0)
DA:12,4
DA:13,8
LF:2
LH:2
BRF:0
BRH:0
end_of_record
TN:
SF:/Users/danielgeslin/projects/seedrnts/src/utils/generalUtils.ts
FN:1,(anonymous_0)
FN:3,(anonymous_1)
FN:16,(anonymous_2)
FNF:3
FNH:3
FNDA:2,(anonymous_0)
FNDA:6,(anonymous_1)
FNDA:3,(anonymous_2)
DA:1,1
DA:2,2
DA:3,2
DA:5,6
DA:6,6
DA:7,4
DA:8,4
DA:10,4
DA:11,4
DA:16,1
DA:17,3
DA:18,3
DA:20,2
LF:13
LH:13
BRDA:1,0,0,1
BRDA:6,1,0,2
BRDA:6,1,1,4
BRDA:11,2,0,1
BRDA:11,2,1,3
BRDA:20,3,0,1
BRDA:20,3,1,1
BRF:7
BRH:7
end_of_record
